<?xml version="1.0" encoding="UTF-8"?>
<testsuite name="two"
           tests="1"
           failures="1"
           errors="0"
           skipped="0"
           time="0.000">
  <properties />
            <testcase name="closeDriver" time="0.000" classname="com.diw.base.GridManager">
                <failure type="java.lang.NullPointerException"
                  message="(null)"
              >
<![CDATA[java.lang.NullPointerException
  com.diw.base.GridManager.closeDriver(GridManager.java:59)
  sun.reflect.NativeMethodAccessorImpl.invoke0(Native Method)
  sun.reflect.NativeMethodAccessorImpl.invoke(NativeMethodAccessorImpl.java:57)
  sun.reflect.DelegatingMethodAccessorImpl.invoke(DelegatingMethodAccessorImpl.java:43)
  java.lang.reflect.Method.invoke(Method.java:606)
  org.testng.internal.MethodInvocationHelper.invokeMethod(MethodInvocationHelper.java:84)
  org.testng.internal.Invoker.invokeConfigurationMethod(Invoker.java:564)
  org.testng.internal.Invoker.invokeConfigurations(Invoker.java:213)
  org.testng.internal.Invoker.invokeConfigurations(Invoker.java:138)
  org.testng.SuiteRunner.privateRun(SuiteRunner.java:308)
  org.testng.SuiteRunner.run(SuiteRunner.java:240)
  org.testng.SuiteRunnerWorker.runSuite(SuiteRunnerWorker.java:52)
  org.testng.SuiteRunnerWorker.run(SuiteRunnerWorker.java:86)
  org.testng.TestNG.runSuitesSequentially(TestNG.java:1224)
  org.testng.TestNG.runSuitesLocally(TestNG.java:1149)
  org.testng.TestNG.run(TestNG.java:1057)
  org.testng.TestNG.privateMain(TestNG.java:1364)
  org.testng.TestNG.main(TestNG.java:1333)
]]>
      </failure>

          </testcase>
  
  
  
</testsuite>
